Arguments: 
  C:\Program Files\nodejs\node.exe C:\Users\Lenovo\AppData\Local\node\corepack\yarn\1.22.19\bin\yarn.js add camalize

PATH: 
  C:\oraclexe\app\oracle\product\11.2.0\server\bin;;C:\Program Files\Common Files\Oracle\Java\javapath;C:\WINDOWS\system32;C:\WINDOWS;C:\WINDOWS\System32\Wbem;C:\WINDOWS\System32\WindowsPowerShell\v1.0\;C:\WINDOWS\System32\OpenSSH\;C:\Program Files\PuTTY\;C:\Program Files\Git\cmd;C:\Program Files\Git\mingw64\bin;C:\Program Files\Git\usr\bin;C:\Program Files\Microsoft SQL Server\Client SDK\ODBC\170\Tools\Binn\;C:\Program Files (x86)\Microsoft SQL Server\150\Tools\Binn\;C:\Program Files\Microsoft SQL Server\150\Tools\Binn\;C:\Program Files\Microsoft SQL Server\150\DTS\Binn\;C:\Program Files (x86)\Microsoft SQL Server\150\DTS\Binn\;C:\Program Files\Azure Data Studio\bin;C:\Program Files\Java\jdk-18.0.1.1\bin;C:\Users\Lenovo\OneDrive\Desktop\ibm_sdk80\bin;C:\Users\Lenovo\IdeaProjects\jitsi\apache-ant-1.10.12\bin;C:\Program Files\nodejs\;C:\Program Files\dotnet\;C:\Program Files\Docker\Docker\resources\bin;C:\ProgramData\chocolatey\bin;C:\Users\Lenovo\AppData\Local\Microsoft\WindowsApps;C:\Users\Lenovo\AppData\Local\Programs\Microsoft VS Code\bin;C:\Program Files\Azure Data Studio\bin;C:\Users\Lenovo\AppData\Roaming\npm;C:\Program Files\heroku\bin;C:\Users\Lenovo\.dotnet\tools;%SDKMAN_DIR%\bin;

Yarn version: 
  1.22.19

Node version: 
  16.17.0

Platform: 
  win32 x64

Trace: 
  Error: https://registry.yarnpkg.com/camalize: Not found
      at Request.params.callback [as _callback] (C:\Users\Lenovo\AppData\Local\node\corepack\yarn\1.22.19\lib\cli.js:66145:18)
      at Request.self.callback (C:\Users\Lenovo\AppData\Local\node\corepack\yarn\1.22.19\lib\cli.js:140890:22)
      at Request.emit (node:events:513:28)
      at Request.<anonymous> (C:\Users\Lenovo\AppData\Local\node\corepack\yarn\1.22.19\lib\cli.js:141862:10)
      at Request.emit (node:events:513:28)
      at IncomingMessage.<anonymous> (C:\Users\Lenovo\AppData\Local\node\corepack\yarn\1.22.19\lib\cli.js:141784:12)
      at Object.onceWrapper (node:events:627:28)
      at IncomingMessage.emit (node:events:525:35)
      at endReadableNT (node:internal/streams/readable:1358:12)
      at processTicksAndRejections (node:internal/process/task_queues:83:21)

npm manifest: 
  {
    "name": "licenta",
    "version": "1.0.0",
    "main": "node_modules/expo/AppEntry.js",
    "scripts": {
      "start": "expo start",
      "android": "expo start --android",
      "ios": "expo start --ios",
      "web": "expo start --web",
      "lint": "eslint . --ext .js"
    },
    "dependencies": {
      "@react-native-community/eslint-config": "^3.2.0",
      "@react-navigation/native": "^6.1.2",
      "@react-navigation/stack": "^6.3.11",
      "eslint": "^8.33.0",
      "expo": "~47.0.12",
      "expo-status-bar": "~1.4.2",
      "prettier": "^2.8.3",
      "react": "18.1.0",
      "react-native": "0.70.5",
      "react-native-paper": "^5.1.4",
      "react-navigation-stack": "^2.10.4",
      "yarn": "^1.22.19",
      "react-native-svg": "13.4.0"
    },
    "devDependencies": {
      "@babel/core": "^7.12.9"
    },
    "private": true
  }

yarn manifest: 
  No manifest

Lockfile: 
  No lockfile
